
**** Build of configuration Nios II for project HDMI_DEMO ****

make all 
Info: Building ../HDMI_DEMO_bsp/
make --no-print-directory -C ../HDMI_DEMO_bsp/
[BSP build complete]
Info: Compiling adv7513.c to obj/default/adv7513.o
nios2-elf-gcc -xc -MP -MMD -c -I../HDMI_DEMO_bsp//HAL/inc -I../HDMI_DEMO_bsp/ -I../HDMI_DEMO_bsp//drivers/inc  -DSYSTEM_BUS_WIDTH=32 -pipe -D__hal__ -DALT_NO_INSTRUCTION_EMULATION -DALT_STACK_CHECK -mstack-check -DALT_SINGLE_THREADED    -O0 -g -Wall   -EL -mno-hw-div -mhw-mul -mno-hw-mulx  -o obj/default/adv7513.o adv7513.c
adv7513.c: In function 'adv7513_vendor_infoframe_3d':
adv7513.c:805: warning: unused variable 'regv'
adv7513.c: At top level:
adv7513.c:803: warning: 'adv7513_vendor_infoframe_3d' defined but not used
Info: Compiling edid.c to obj/default/edid.o
nios2-elf-gcc -xc -MP -MMD -c -I../HDMI_DEMO_bsp//HAL/inc -I../HDMI_DEMO_bsp/ -I../HDMI_DEMO_bsp//drivers/inc  -DSYSTEM_BUS_WIDTH=32 -pipe -D__hal__ -DALT_NO_INSTRUCTION_EMULATION -DALT_STACK_CHECK -mstack-check -DALT_SINGLE_THREADED    -O0 -g -Wall   -EL -mno-hw-div -mhw-mul -mno-hw-mulx  -o obj/default/edid.o edid.c
edid.c: In function 'edid_print_cea':
edid.c:382: warning: unused variable 'dtd'
Info: Compiling encoder.c to obj/default/encoder.o
nios2-elf-gcc -xc -MP -MMD -c -I../HDMI_DEMO_bsp//HAL/inc -I../HDMI_DEMO_bsp/ -I../HDMI_DEMO_bsp//drivers/inc  -DSYSTEM_BUS_WIDTH=32 -pipe -D__hal__ -DALT_NO_INSTRUCTION_EMULATION -DALT_STACK_CHECK -mstack-check -DALT_SINGLE_THREADED    -O0 -g -Wall   -EL -mno-hw-div -mhw-mul -mno-hw-mulx  -o obj/default/encoder.o encoder.c
Info: Compiling i2c.c to obj/default/i2c.o
nios2-elf-gcc -xc -MP -MMD -c -I../HDMI_DEMO_bsp//HAL/inc -I../HDMI_DEMO_bsp/ -I../HDMI_DEMO_bsp//drivers/inc  -DSYSTEM_BUS_WIDTH=32 -pipe -D__hal__ -DALT_NO_INSTRUCTION_EMULATION -DALT_STACK_CHECK -mstack-check -DALT_SINGLE_THREADED    -O0 -g -Wall   -EL -mno-hw-div -mhw-mul -mno-hw-mulx  -o obj/default/i2c.o i2c.c
Info: Compiling main.c to obj/default/main.o
nios2-elf-gcc -xc -MP -MMD -c -I../HDMI_DEMO_bsp//HAL/inc -I../HDMI_DEMO_bsp/ -I../HDMI_DEMO_bsp//drivers/inc  -DSYSTEM_BUS_WIDTH=32 -pipe -D__hal__ -DALT_NO_INSTRUCTION_EMULATION -DALT_STACK_CHECK -mstack-check -DALT_SINGLE_THREADED    -O0 -g -Wall   -EL -mno-hw-div -mhw-mul -mno-hw-mulx  -o obj/default/main.o main.c
Info: Linking HDMI_DEMO.elf
nios2-elf-g++  -T'../HDMI_DEMO_bsp//linker.x' -msys-crt0='../HDMI_DEMO_bsp//obj/HAL/src/crt0.o' -msys-lib=hal_bsp -L../HDMI_DEMO_bsp/   -Wl,-Map=HDMI_DEMO.map   -O0 -g -Wall   -EL -mno-hw-div -mhw-mul -mno-hw-mulx  -o HDMI_DEMO.elf obj/default/adv7513.o obj/default/edid.o obj/default/encoder.o obj/default/i2c.o obj/default/main.o -lm 
nios2-elf-insert HDMI_DEMO.elf --thread_model hal --cpu_name nios2_qsys --qsys true --simulation_enabled false --id 0 --sidp 0x101060 --timestamp 1538404653 --stderr_dev jtag_uart --stdin_dev jtag_uart --stdout_dev jtag_uart --sopc_system_name HDMI_QSYS --quartus_project_dir "H:/Publics/Majeure_SERI/Projets_fpga/C5G_v.1.2.2_SystemCD/Demonstrations/C5G_HDMI_VPG" --jdi H:/Publics/Majeure_SERI/Projets_fpga/C5G_v.1.2.2_SystemCD/Demonstrations/C5G_HDMI_VPG/software/HDMI_DEMO_bsp/../../C5G_HDMI_VPG.jdi --sopcinfo H:/Publics/Majeure_SERI/Projets_fpga/C5G_v.1.2.2_SystemCD/Demonstrations/C5G_HDMI_VPG/software/HDMI_DEMO_bsp/../../HDMI_QSYS.sopcinfo
Info: (HDMI_DEMO.elf) 130 KBytes program size (code + initialized data).
Info:                 160 KBytes free for stack + heap.
Info: Creating HDMI_DEMO.objdump
nios2-elf-objdump --disassemble --syms --all-header --source HDMI_DEMO.elf >HDMI_DEMO.objdump
[HDMI_DEMO build complete]

**** Build Finished ****
