Flow report for tiny_god
Mon Nov 26 17:57:42 2018
Quartus II 64-Bit Version 13.0.0 Build 156 04/24/2013 SJ Full Version


---------------------
; Table of Contents ;
---------------------
  1. Legal Notice
  2. Flow Summary
  3. Flow Settings
  4. Flow Non-Default Global Settings
  5. Flow Elapsed Time
  6. Flow OS Summary
  7. Flow Log
  8. Flow Messages
  9. Flow Suppressed Messages



----------------
; Legal Notice ;
----------------
Copyright (C) 1991-2013 Altera Corporation
Your use of Altera Corporation's design tools, logic functions 
and other software and tools, and its AMPP partner logic 
functions, and any output files from any of the foregoing 
(including device programming or simulation files), and any 
associated documentation or information are expressly subject 
to the terms and conditions of the Altera Program License 
Subscription Agreement, Altera MegaCore Function License 
Agreement, or other applicable license agreement, including, 
without limitation, that your use is for the sole purpose of 
programming logic devices manufactured by Altera and sold by 
Altera or its authorized distributors.  Please refer to the 
applicable agreement for further details.



+-----------------------------------------------------------------------------------+
; Flow Summary                                                                      ;
+-------------------------------------+---------------------------------------------+
; Flow Status                         ; Successful - Mon Nov 26 17:57:13 2018       ;
; Quartus II 64-Bit Version           ; 13.0.0 Build 156 04/24/2013 SJ Full Version ;
; Revision Name                       ; tiny_god                                    ;
; Top-level Entity Name               ; tiny_god                                    ;
; Family                              ; Cyclone V                                   ;
; Device                              ; 5CGXFC5C6F27C7                              ;
; Timing Models                       ; Preliminary                                 ;
; Logic utilization (in ALMs)         ; 5,758 / 29,080 ( 20 % )                     ;
; Total registers                     ; 3087                                        ;
; Total pins                          ; 44 / 364 ( 12 % )                           ;
; Total virtual pins                  ; 0                                           ;
; Total block memory bits             ; 2,161,088 / 4,567,040 ( 47 % )              ;
; Total DSP Blocks                    ; 5 / 150 ( 3 % )                             ;
; Total HSSI RX PCSs                  ; 0 / 6 ( 0 % )                               ;
; Total HSSI PMA RX Deserializers     ; 0 / 6 ( 0 % )                               ;
; Total HSSI PMA RX ATT Deserializers ; 0                                           ;
; Total HSSI TX PCSs                  ; 0 / 6 ( 0 % )                               ;
; Total HSSI PMA TX Serializers       ; 0 / 6 ( 0 % )                               ;
; Total HSSI PMA TX ATT Serializers   ; 0 / 6 ( 0 % )                               ;
; Total PLLs                          ; 2 / 12 ( 17 % )                             ;
; Total DLLs                          ; 0 / 4 ( 0 % )                               ;
+-------------------------------------+---------------------------------------------+


+-----------------------------------------+
; Flow Settings                           ;
+-------------------+---------------------+
; Option            ; Setting             ;
+-------------------+---------------------+
; Start date & time ; 11/26/2018 17:53:54 ;
; Main task         ; Compilation         ;
; Revision Name     ; tiny_god            ;
+-------------------+---------------------+


+----------------------------------------------------------------------------------------------------------------------------+
; Flow Non-Default Global Settings                                                                                           ;
+-------------------------------------+---------------------------------------+---------------+-------------+----------------+
; Assignment Name                     ; Value                                 ; Default Value ; Entity Name ; Section Id     ;
+-------------------------------------+---------------------------------------+---------------+-------------+----------------+
; COMPILER_SIGNATURE_ID               ; 176831339393963.154325123407092       ; --            ; --          ; --             ;
; EDA_OUTPUT_DATA_FORMAT              ; None                                  ; --            ; --          ; eda_simulation ;
; MAX_CORE_JUNCTION_TEMP              ; 85                                    ; --            ; --          ; --             ;
; MIN_CORE_JUNCTION_TEMP              ; 0                                     ; --            ; --          ; --             ;
; PARTITION_COLOR                     ; 16764057                              ; --            ; --          ; Top            ;
; PARTITION_FITTER_PRESERVATION_LEVEL ; PLACEMENT_AND_ROUTING                 ; --            ; --          ; Top            ;
; PARTITION_NETLIST_TYPE              ; SOURCE                                ; --            ; --          ; Top            ;
; POWER_BOARD_THERMAL_MODEL           ; None (CONSERVATIVE)                   ; --            ; --          ; --             ;
; POWER_PRESET_COOLING_SOLUTION       ; 23 MM HEAT SINK WITH 200 LFPM AIRFLOW ; --            ; --          ; --             ;
; PROJECT_OUTPUT_DIRECTORY            ; output_files                          ; --            ; --          ; --             ;
+-------------------------------------+---------------------------------------+---------------+-------------+----------------+


+-------------------------------------------------------------------------------------------------------------------------------+
; Flow Elapsed Time                                                                                                             ;
+---------------------------+--------------+-------------------------+---------------------+------------------------------------+
; Module Name               ; Elapsed Time ; Average Processors Used ; Peak Virtual Memory ; Total CPU Time (on all processors) ;
+---------------------------+--------------+-------------------------+---------------------+------------------------------------+
; Analysis & Synthesis      ; 00:00:52     ; 1.0                     ; 770 MB              ; 00:00:51                           ;
; Fitter                    ; 00:02:01     ; 1.7                     ; 2365 MB             ; 00:02:48                           ;
; Assembler                 ; 00:00:14     ; 1.0                     ; 697 MB              ; 00:00:14                           ;
; TimeQuest Timing Analyzer ; 00:00:27     ; 1.8                     ; 1400 MB             ; 00:00:47                           ;
; Total                     ; 00:03:34     ; --                      ; --                  ; 00:04:40                           ;
+---------------------------+--------------+-------------------------+---------------------+------------------------------------+


+----------------------------------------------------------------------------------------+
; Flow OS Summary                                                                        ;
+---------------------------+------------------+-----------+------------+----------------+
; Module Name               ; Machine Hostname ; OS Name   ; OS Version ; Processor type ;
+---------------------------+------------------+-----------+------------+----------------+
; Analysis & Synthesis      ; CI53214          ; Windows 7 ; 6.1        ; x86_64         ;
; Fitter                    ; CI53214          ; Windows 7 ; 6.1        ; x86_64         ;
; Assembler                 ; CI53214          ; Windows 7 ; 6.1        ; x86_64         ;
; TimeQuest Timing Analyzer ; CI53214          ; Windows 7 ; 6.1        ; x86_64         ;
+---------------------------+------------------+-----------+------------+----------------+


------------
; Flow Log ;
------------
quartus_map --read_settings_files=on --write_settings_files=off tiny_god -c tiny_god
quartus_fit --read_settings_files=off --write_settings_files=off tiny_god -c tiny_god
quartus_asm --read_settings_files=off --write_settings_files=off tiny_god -c tiny_god
quartus_sta tiny_god -c tiny_god



