Analysis & Synthesis report for tiny_god
Mon Oct 29 13:24:17 2018
Quartus II 64-Bit Version 13.0.0 Build 156 04/24/2013 SJ Full Version


---------------------
; Table of Contents ;
---------------------
  1. Legal Notice
  2. Analysis & Synthesis Summary
  3. Analysis & Synthesis Settings
  4. Parallel Compilation
  5. Analysis & Synthesis Source Files Read
  6. Analysis & Synthesis Resource Usage Summary
  7. Analysis & Synthesis Resource Utilization by Entity
  8. General Register Statistics
  9. Elapsed Time Per Partition
 10. Analysis & Synthesis Messages



----------------
; Legal Notice ;
----------------
Copyright (C) 1991-2013 Altera Corporation
Your use of Altera Corporation's design tools, logic functions 
and other software and tools, and its AMPP partner logic 
functions, and any output files from any of the foregoing 
(including device programming or simulation files), and any 
associated documentation or information are expressly subject 
to the terms and conditions of the Altera Program License 
Subscription Agreement, Altera MegaCore Function License 
Agreement, or other applicable license agreement, including, 
without limitation, that your use is for the sole purpose of 
programming logic devices manufactured by Altera and sold by 
Altera or its authorized distributors.  Please refer to the 
applicable agreement for further details.



+-----------------------------------------------------------------------------------+
; Analysis & Synthesis Summary                                                      ;
+-------------------------------------+---------------------------------------------+
; Analysis & Synthesis Status         ; Successful - Mon Oct 29 13:24:17 2018       ;
; Quartus II 64-Bit Version           ; 13.0.0 Build 156 04/24/2013 SJ Full Version ;
; Revision Name                       ; tiny_god                                    ;
; Top-level Entity Name               ; tiny_god                                    ;
; Family                              ; Cyclone V                                   ;
; Logic utilization (in ALMs)         ; N/A                                         ;
; Total registers                     ; 0                                           ;
; Total pins                          ; 1                                           ;
; Total virtual pins                  ; 0                                           ;
; Total block memory bits             ; 0                                           ;
; Total DSP Blocks                    ; 0                                           ;
; Total HSSI RX PCSs                  ; 0                                           ;
; Total HSSI PMA RX Deserializers     ; 0                                           ;
; Total HSSI PMA RX ATT Deserializers ; 0                                           ;
; Total HSSI TX PCSs                  ; 0                                           ;
; Total HSSI PMA TX Serializers       ; 0                                           ;
; Total HSSI PMA TX ATT Serializers   ; 0                                           ;
; Total PLLs                          ; 0                                           ;
; Total DLLs                          ; 0                                           ;
+-------------------------------------+---------------------------------------------+


+---------------------------------------------------------------------------------------------------------------------------+
; Analysis & Synthesis Settings                                                                                             ;
+---------------------------------------------------------------------------------+--------------------+--------------------+
; Option                                                                          ; Setting            ; Default Value      ;
+---------------------------------------------------------------------------------+--------------------+--------------------+
; Device                                                                          ; 5CGXFC7C7F23C8     ;                    ;
; Top-level entity name                                                           ; tiny_god           ; tiny_god           ;
; Family name                                                                     ; Cyclone V          ; Cyclone IV GX      ;
; Use smart compilation                                                           ; Off                ; Off                ;
; Enable parallel Assembler and TimeQuest Timing Analyzer during compilation      ; On                 ; On                 ;
; Enable compact report table                                                     ; Off                ; Off                ;
; Restructure Multiplexers                                                        ; Auto               ; Auto               ;
; MLAB Add Timing Constraints For Mixed-Port Feed-Through Mode Setting Don't Care ; Off                ; Off                ;
; Create Debugging Nodes for IP Cores                                             ; Off                ; Off                ;
; Preserve fewer node names                                                       ; On                 ; On                 ;
; Disable OpenCore Plus hardware evaluation                                       ; Off                ; Off                ;
; Verilog Version                                                                 ; Verilog_2001       ; Verilog_2001       ;
; VHDL Version                                                                    ; VHDL_1993          ; VHDL_1993          ;
; State Machine Processing                                                        ; Auto               ; Auto               ;
; Safe State Machine                                                              ; Off                ; Off                ;
; Extract Verilog State Machines                                                  ; On                 ; On                 ;
; Extract VHDL State Machines                                                     ; On                 ; On                 ;
; Ignore Verilog initial constructs                                               ; Off                ; Off                ;
; Iteration limit for constant Verilog loops                                      ; 5000               ; 5000               ;
; Iteration limit for non-constant Verilog loops                                  ; 250                ; 250                ;
; Add Pass-Through Logic to Inferred RAMs                                         ; On                 ; On                 ;
; Infer RAMs from Raw Logic                                                       ; On                 ; On                 ;
; Parallel Synthesis                                                              ; On                 ; On                 ;
; DSP Block Balancing                                                             ; Auto               ; Auto               ;
; NOT Gate Push-Back                                                              ; On                 ; On                 ;
; Power-Up Don't Care                                                             ; On                 ; On                 ;
; Remove Redundant Logic Cells                                                    ; Off                ; Off                ;
; Remove Duplicate Registers                                                      ; On                 ; On                 ;
; Ignore CARRY Buffers                                                            ; Off                ; Off                ;
; Ignore CASCADE Buffers                                                          ; Off                ; Off                ;
; Ignore GLOBAL Buffers                                                           ; Off                ; Off                ;
; Ignore ROW GLOBAL Buffers                                                       ; Off                ; Off                ;
; Ignore LCELL Buffers                                                            ; Off                ; Off                ;
; Ignore SOFT Buffers                                                             ; On                 ; On                 ;
; Limit AHDL Integers to 32 Bits                                                  ; Off                ; Off                ;
; Optimization Technique                                                          ; Balanced           ; Balanced           ;
; Carry Chain Length                                                              ; 70                 ; 70                 ;
; Auto Carry Chains                                                               ; On                 ; On                 ;
; Auto Open-Drain Pins                                                            ; On                 ; On                 ;
; Perform WYSIWYG Primitive Resynthesis                                           ; Off                ; Off                ;
; Auto ROM Replacement                                                            ; On                 ; On                 ;
; Auto RAM Replacement                                                            ; On                 ; On                 ;
; Auto DSP Block Replacement                                                      ; On                 ; On                 ;
; Auto Shift Register Replacement                                                 ; Auto               ; Auto               ;
; Allow Shift Register Merging across Hierarchies                                 ; Auto               ; Auto               ;
; Auto Clock Enable Replacement                                                   ; On                 ; On                 ;
; Strict RAM Replacement                                                          ; Off                ; Off                ;
; Allow Synchronous Control Signals                                               ; On                 ; On                 ;
; Force Use of Synchronous Clear Signals                                          ; Off                ; Off                ;
; Auto Resource Sharing                                                           ; Off                ; Off                ;
; Allow Any RAM Size For Recognition                                              ; Off                ; Off                ;
; Allow Any ROM Size For Recognition                                              ; Off                ; Off                ;
; Allow Any Shift Register Size For Recognition                                   ; Off                ; Off                ;
; Use LogicLock Constraints during Resource Balancing                             ; On                 ; On                 ;
; Ignore translate_off and synthesis_off directives                               ; Off                ; Off                ;
; Timing-Driven Synthesis                                                         ; On                 ; On                 ;
; Report Parameter Settings                                                       ; On                 ; On                 ;
; Report Source Assignments                                                       ; On                 ; On                 ;
; Report Connectivity Checks                                                      ; On                 ; On                 ;
; Ignore Maximum Fan-Out Assignments                                              ; Off                ; Off                ;
; Synchronization Register Chain Length                                           ; 3                  ; 3                  ;
; PowerPlay Power Optimization                                                    ; Normal compilation ; Normal compilation ;
; HDL message level                                                               ; Level2             ; Level2             ;
; Suppress Register Optimization Related Messages                                 ; Off                ; Off                ;
; Number of Removed Registers Reported in Synthesis Report                        ; 5000               ; 5000               ;
; Number of Swept Nodes Reported in Synthesis Report                              ; 5000               ; 5000               ;
; Number of Inverted Registers Reported in Synthesis Report                       ; 100                ; 100                ;
; Clock MUX Protection                                                            ; On                 ; On                 ;
; Auto Gated Clock Conversion                                                     ; Off                ; Off                ;
; Block Design Naming                                                             ; Auto               ; Auto               ;
; SDC constraint protection                                                       ; Off                ; Off                ;
; Synthesis Effort                                                                ; Auto               ; Auto               ;
; Shift Register Replacement - Allow Asynchronous Clear Signal                    ; On                 ; On                 ;
; Pre-Mapping Resynthesis Optimization                                            ; Off                ; Off                ;
; Analysis & Synthesis Message Level                                              ; Medium             ; Medium             ;
; Disable Register Merging Across Hierarchies                                     ; Auto               ; Auto               ;
; Resource Aware Inference For Block RAM                                          ; On                 ; On                 ;
; Synthesis Seed                                                                  ; 1                  ; 1                  ;
; Automatic Parallel Synthesis                                                    ; Off                ; Off                ;
+---------------------------------------------------------------------------------+--------------------+--------------------+


+------------------------------------------+
; Parallel Compilation                     ;
+----------------------------+-------------+
; Processors                 ; Number      ;
+----------------------------+-------------+
; Number detected on machine ; 4           ;
; Maximum allowed            ; 4           ;
;                            ;             ;
; Average used               ; 1.00        ;
; Maximum used               ; 1           ;
;                            ;             ;
; Usage by Processor         ; % Time Used ;
;     Processor 1            ; 100.0%      ;
;     Processors 2-4         ;   0.0%      ;
+----------------------------+-------------+


+--------------------------------------------------------------------------------------------------------------------------------------------------------+
; Analysis & Synthesis Source Files Read                                                                                                                 ;
+-------------------------------------+-----------------+------------------------------------+-------------------------------------------------+---------+
; File Name with User-Entered Path    ; Used in Netlist ; File Type                          ; File Name with Absolute Path                    ; Library ;
+-------------------------------------+-----------------+------------------------------------+-------------------------------------------------+---------+
; parametrage_d_initialisation_ex.bdf ; yes             ; User Block Diagram/Schematic File  ; D:/tiny_god/parametrage_d_initialisation_ex.bdf ;         ;
; interactivites_du_jeu_ex.bdf        ; yes             ; User Block Diagram/Schematic File  ; D:/tiny_god/interactivites_du_jeu_ex.bdf        ;         ;
; affichage_jdv_ex.bdf                ; yes             ; User Block Diagram/Schematic File  ; D:/tiny_god/affichage_jdv_ex.bdf                ;         ;
; tiny_god.bdf                        ; yes             ; User Block Diagram/Schematic File  ; D:/tiny_god/tiny_god.bdf                        ;         ;
; affichage_parametres_ex.bdf         ; yes             ; User Block Diagram/Schematic File  ; D:/tiny_god/affichage_parametres_ex.bdf         ;         ;
; jeu_ex.bdf                          ; yes             ; User Block Diagram/Schematic File  ; D:/tiny_god/jeu_ex.bdf                          ;         ;
+-------------------------------------+-----------------+------------------------------------+-------------------------------------------------+---------+


+---------------------------------------------------------+
; Analysis & Synthesis Resource Usage Summary             ;
+---------------------------------------------+-----------+
; Resource                                    ; Usage     ;
+---------------------------------------------+-----------+
; Estimate of Logic utilization (ALMs needed) ; 0         ;
;                                             ;           ;
; Combinational ALUT usage for logic          ; 0         ;
;     -- 7 input functions                    ; 0         ;
;     -- 6 input functions                    ; 0         ;
;     -- 5 input functions                    ; 0         ;
;     -- 4 input functions                    ; 0         ;
;     -- <=3 input functions                  ; 0         ;
;                                             ;           ;
; Dedicated logic registers                   ; 0         ;
;                                             ;           ;
; I/O pins                                    ; 1         ;
; Total DSP Blocks                            ; 0         ;
; Maximum fan-out node                        ; pin_name1 ;
; Maximum fan-out                             ; 1         ;
; Total fan-out                               ; 1         ;
; Average fan-out                             ; 0.50      ;
+---------------------------------------------+-----------+


+-----------------------------------------------------------------------------------------------------------------------------------------------------------+
; Analysis & Synthesis Resource Utilization by Entity                                                                                                       ;
+----------------------------+-------------------+--------------+-------------------+------------+------+--------------+---------------------+--------------+
; Compilation Hierarchy Node ; LC Combinationals ; LC Registers ; Block Memory Bits ; DSP Blocks ; Pins ; Virtual Pins ; Full Hierarchy Name ; Library Name ;
+----------------------------+-------------------+--------------+-------------------+------------+------+--------------+---------------------+--------------+
; |tiny_god                  ; 0 (0)             ; 0 (0)        ; 0                 ; 0          ; 1    ; 0            ; |tiny_god           ;              ;
+----------------------------+-------------------+--------------+-------------------+------------+------+--------------+---------------------+--------------+
Note: For table entries with two numbers listed, the numbers in parentheses indicate the number of resources of the given type used by the specific entity alone. The numbers listed outside of parentheses indicate the total resources of the given type used by the specific entity and all of its sub-entities in the hierarchy.


+------------------------------------------------------+
; General Register Statistics                          ;
+----------------------------------------------+-------+
; Statistic                                    ; Value ;
+----------------------------------------------+-------+
; Total registers                              ; 0     ;
; Number of registers using Synchronous Clear  ; 0     ;
; Number of registers using Synchronous Load   ; 0     ;
; Number of registers using Asynchronous Clear ; 0     ;
; Number of registers using Asynchronous Load  ; 0     ;
; Number of registers using Clock Enable       ; 0     ;
; Number of registers using Preset             ; 0     ;
+----------------------------------------------+-------+


+-------------------------------+
; Elapsed Time Per Partition    ;
+----------------+--------------+
; Partition Name ; Elapsed Time ;
+----------------+--------------+
; Top            ; 00:00:00     ;
+----------------+--------------+


+-------------------------------+
; Analysis & Synthesis Messages ;
+-------------------------------+
Info: *******************************************************************
Info: Running Quartus II 64-Bit Analysis & Synthesis
    Info: Version 13.0.0 Build 156 04/24/2013 SJ Full Version
    Info: Processing started: Mon Oct 29 13:24:16 2018
Info: Command: quartus_map --read_settings_files=on --write_settings_files=off tiny_god -c tiny_god
Info (20030): Parallel compilation is enabled and will use 4 of the 4 processors detected
Info (12021): Found 1 design units, including 1 entities, in source file parametrage_d_initialisation_ex.bdf
    Info (12023): Found entity 1: parametrage_d_initialisation_ex
Info (12021): Found 1 design units, including 1 entities, in source file interactivites_du_jeu_ex.bdf
    Info (12023): Found entity 1: interactivites_du_jeu_ex
Info (12021): Found 1 design units, including 1 entities, in source file affichage_jdv_ex.bdf
    Info (12023): Found entity 1: affichage_jdv_ex
Info (12021): Found 1 design units, including 1 entities, in source file tiny_god.bdf
    Info (12023): Found entity 1: tiny_god
Info (12021): Found 1 design units, including 1 entities, in source file affichage_parametres_ex.bdf
    Info (12023): Found entity 1: affichage_parametres_ex
Info (12021): Found 1 design units, including 1 entities, in source file jeu_ex.bdf
    Info (12023): Found entity 1: jeu_ex
Info (12127): Elaborating entity "tiny_god" for the top level hierarchy
Warning (275011): Block or symbol "parametrage_d_initialisation_ex" of instance "inst5" overlaps another block or symbol
Warning (275008): Primitive "VCC" of instance "inst7" not used
Info (12128): Elaborating entity "affichage_jdv_ex" for hierarchy "affichage_jdv_ex:inst"
Warning (275009): Pin "vecteur_de_bits" not connected
Warning (275009): Pin "resolution" not connected
Warning (275009): Pin "taille_de_grille" not connected
Warning (275009): Pin "position_curseur" not connected
Warning (275009): Pin "select_affichage" not connected
Warning (12158): Entity "affichage_jdv_ex" contains only dangling pins
Info (12128): Elaborating entity "jeu_ex" for hierarchy "jeu_ex:inst2"
Warning (275043): Pin "vecteur_de_bits" is missing source
Warning (275043): Pin "fin_du_jeu" is missing source
Warning (275009): Pin "taille_de_grille" not connected
Warning (275009): Pin "type_de_grille" not connected
Warning (275009): Pin "mode_de_jeu" not connected
Warning (275009): Pin "cellules_selectionnees_a_init" not connected
Warning (275009): Pin "position_curseur" not connected
Warning (275009): Pin "selection_de_l_action" not connected
Warning (275009): Pin "interruption_pause" not connected
Info (12128): Elaborating entity "parametrage_d_initialisation_ex" for hierarchy "parametrage_d_initialisation_ex:inst5"
Warning (275043): Pin "nom_de_l_option_a_selectionner" is missing source
Warning (275043): Pin "resolution" is missing source
Warning (275043): Pin "mode_de_jeu" is missing source
Warning (275043): Pin "select_affichage" is missing source
Warning (275043): Pin "taille_de_grille" is missing source
Warning (275043): Pin "type_de_grille" is missing source
Warning (275043): Pin "cellules_selectionnees_a_init" is missing source
Warning (275043): Pin "option_actuellement_selectionnee" is missing source
Warning (275043): Pin "options_disponibles" is missing source
Warning (275009): Pin "clicks_selection" not connected
Info (12128): Elaborating entity "interactivites_du_jeu_ex" for hierarchy "interactivites_du_jeu_ex:inst4"
Warning (275043): Pin "position_curseur" is missing source
Warning (275043): Pin "selection_de_l_action" is missing source
Warning (275043): Pin "interruption_pause" is missing source
Warning (275009): Pin "clics" not connected
Info (12128): Elaborating entity "affichage_parametres_ex" for hierarchy "affichage_parametres_ex:inst3"
Warning (275009): Pin "options_disponibles" not connected
Warning (275009): Pin "nom_de_l_option_a_selectionner" not connected
Warning (275009): Pin "select_affichage" not connected
Warning (275009): Pin "option_actuellement_selectionnee" not connected
Warning (12158): Entity "affichage_parametres_ex" contains only dangling pins
Info (16010): Generating hard_block partition "hard_block:auto_generated_inst"
    Info (16011): Adding 0 node(s), including 0 DDIO, 0 PLL, 0 transceiver and 0 LCELL
Warning (21074): Design contains 1 input pin(s) that do not drive logic
    Warning (15610): No output dependent on input pin "pin_name1"
Info (21057): Implemented 1 device resources after synthesis - the final resource count might be different
    Info (21058): Implemented 1 input pins
    Info (21059): Implemented 0 output pins
Info: Quartus II 64-Bit Analysis & Synthesis was successful. 0 errors, 38 warnings
    Info: Peak virtual memory: 496 megabytes
    Info: Processing ended: Mon Oct 29 13:24:17 2018
    Info: Elapsed time: 00:00:01
    Info: Total CPU time (on all processors): 00:00:01


