EDA Netlist Writer report for C5G_HDMI_VPG
Mon Oct 29 16:49:35 2018
Quartus II 64-Bit Version 13.0.0 Build 156 04/24/2013 SJ Full Version


---------------------
; Table of Contents ;
---------------------
  1. Legal Notice
  2. EDA Netlist Writer Summary
  3. EDA Netlist Writer Messages



----------------
; Legal Notice ;
----------------
Copyright (C) 1991-2013 Altera Corporation
Your use of Altera Corporation's design tools, logic functions 
and other software and tools, and its AMPP partner logic 
functions, and any output files from any of the foregoing 
(including device programming or simulation files), and any 
associated documentation or information are expressly subject 
to the terms and conditions of the Altera Program License 
Subscription Agreement, Altera MegaCore Function License 
Agreement, or other applicable license agreement, including, 
without limitation, that your use is for the sole purpose of 
programming logic devices manufactured by Altera and sold by 
Altera or its authorized distributors.  Please refer to the 
applicable agreement for further details.



+---------------------------------------------------------------+
; EDA Netlist Writer Summary                                    ;
+---------------------------+-----------------------------------+
; EDA Netlist Writer Status ; Failed - Mon Oct 29 16:49:35 2018 ;
; Revision Name             ; C5G_HDMI_VPG                      ;
; Top-level Entity Name     ; C5G_HDMI_VPG                      ;
; Family                    ; Cyclone V                         ;
+---------------------------+-----------------------------------+


+-----------------------------+
; EDA Netlist Writer Messages ;
+-----------------------------+
Info: *******************************************************************
Info: Running Quartus II 64-Bit EDA Netlist Writer
    Info: Version 13.0.0 Build 156 04/24/2013 SJ Full Version
    Info: Processing started: Mon Oct 29 16:49:33 2018
Info: Command: quartus_eda --read_settings_files=off --write_settings_files=off C5G_HDMI_VPG -c C5G_HDMI_VPG
Error (204012): Can't generate netlist output files because the file "D:/tiny_god/affichage_jdv/HDMI_QSYS/synthesis/submodules/HDMI_QSYS_nios2_qsys.v" is an OpenCore Plus time-limited file
Error (204009): Can't generate netlist output files because the license for encrypted file "D:/tiny_god/affichage_jdv/HDMI_QSYS/synthesis/submodules/HDMI_QSYS_nios2_qsys.v" is not available
Error (204012): Can't generate netlist output files because the file "D:/tiny_god/affichage_jdv/HDMI_QSYS/synthesis/submodules/HDMI_QSYS_nios2_qsys.v" is an OpenCore Plus time-limited file
Error (204009): Can't generate netlist output files because the license for encrypted file "D:/tiny_god/affichage_jdv/HDMI_QSYS/synthesis/submodules/HDMI_QSYS_nios2_qsys.v" is not available
Error (204012): Can't generate netlist output files because the file "D:/tiny_god/affichage_jdv/HDMI_QSYS/synthesis/submodules/HDMI_QSYS_nios2_qsys.v" is an OpenCore Plus time-limited file
Error (204009): Can't generate netlist output files because the license for encrypted file "D:/tiny_god/affichage_jdv/HDMI_QSYS/synthesis/submodules/HDMI_QSYS_nios2_qsys.v" is not available
Error: Quartus II 64-Bit EDA Netlist Writer was unsuccessful. 6 errors, 0 warnings
    Error: Peak virtual memory: 549 megabytes
    Error: Processing ended: Mon Oct 29 16:49:35 2018
    Error: Elapsed time: 00:00:02
    Error: Total CPU time (on all processors): 00:00:02


