Flow report for C5G_HDMI_VPG
Wed Oct 17 16:46:52 2018
Quartus II 64-Bit Version 13.0.0 Build 156 04/24/2013 SJ Full Version


---------------------
; Table of Contents ;
---------------------
  1. Legal Notice
  2. Flow Summary
  3. Flow Settings
  4. Flow Non-Default Global Settings
  5. Flow Elapsed Time
  6. Flow OS Summary
  7. Flow Log
  8. Flow Messages
  9. Flow Suppressed Messages



----------------
; Legal Notice ;
----------------
Copyright (C) 1991-2013 Altera Corporation
Your use of Altera Corporation's design tools, logic functions 
and other software and tools, and its AMPP partner logic 
functions, and any output files from any of the foregoing 
(including device programming or simulation files), and any 
associated documentation or information are expressly subject 
to the terms and conditions of the Altera Program License 
Subscription Agreement, Altera MegaCore Function License 
Agreement, or other applicable license agreement, including, 
without limitation, that your use is for the sole purpose of 
programming logic devices manufactured by Altera and sold by 
Altera or its authorized distributors.  Please refer to the 
applicable agreement for further details.



+-----------------------------------------------------------------------------------+
; Flow Summary                                                                      ;
+-------------------------------------+---------------------------------------------+
; Flow Status                         ; Successful - Wed Oct 17 16:46:25 2018       ;
; Quartus II 64-Bit Version           ; 13.0.0 Build 156 04/24/2013 SJ Full Version ;
; Revision Name                       ; C5G_HDMI_VPG                                ;
; Top-level Entity Name               ; C5G_HDMI_VPG                                ;
; Family                              ; Cyclone V                                   ;
; Device                              ; 5CGXFC5C6F27C7                              ;
; Timing Models                       ; Preliminary                                 ;
; Logic utilization (in ALMs)         ; 2,646 / 29,080 ( 9 % )                      ;
; Total registers                     ; 2992                                        ;
; Total pins                          ; 141 / 364 ( 39 % )                          ;
; Total virtual pins                  ; 0                                           ;
; Total block memory bits             ; 2,544,128 / 4,567,040 ( 56 % )              ;
; Total DSP Blocks                    ; 2 / 150 ( 1 % )                             ;
; Total HSSI RX PCSs                  ; 0 / 6 ( 0 % )                               ;
; Total HSSI PMA RX Deserializers     ; 0 / 6 ( 0 % )                               ;
; Total HSSI PMA RX ATT Deserializers ; 0                                           ;
; Total HSSI TX PCSs                  ; 0 / 6 ( 0 % )                               ;
; Total HSSI PMA TX Serializers       ; 0 / 6 ( 0 % )                               ;
; Total HSSI PMA TX ATT Serializers   ; 0 / 6 ( 0 % )                               ;
; Total PLLs                          ; 3 / 12 ( 25 % )                             ;
; Total DLLs                          ; 0 / 4 ( 0 % )                               ;
+-------------------------------------+---------------------------------------------+


+-----------------------------------------+
; Flow Settings                           ;
+-------------------+---------------------+
; Option            ; Setting             ;
+-------------------+---------------------+
; Start date & time ; 10/17/2018 16:43:28 ;
; Main task         ; Compilation         ;
; Revision Name     ; C5G_HDMI_VPG        ;
+-------------------+---------------------+


+------------------------------------------------------------------------------------------------------------------------------------------------------------------+
; Flow Non-Default Global Settings                                                                                                                                 ;
+-------------------------------------+-------------------------------------------------------------+---------------+---------------------------------+------------+
; Assignment Name                     ; Value                                                       ; Default Value ; Entity Name                     ; Section Id ;
+-------------------------------------+-------------------------------------------------------------+---------------+---------------------------------+------------+
; COMPILER_SIGNATURE_ID               ; 176831339393963.153978740806704                             ; --            ; --                              ; --         ;
; IP_TOOL_ENV                         ; Qsys                                                        ; --            ; HDMI_QSYS                       ; --         ;
; IP_TOOL_ENV                         ; Qsys                                                        ; --            ; HDMI_QSYS_addr_router           ; --         ;
; IP_TOOL_ENV                         ; Qsys                                                        ; --            ; HDMI_QSYS_addr_router_001       ; --         ;
; IP_TOOL_ENV                         ; Qsys                                                        ; --            ; HDMI_QSYS_cmd_xbar_demux        ; --         ;
; IP_TOOL_ENV                         ; Qsys                                                        ; --            ; HDMI_QSYS_cmd_xbar_demux_001    ; --         ;
; IP_TOOL_ENV                         ; Qsys                                                        ; --            ; HDMI_QSYS_cmd_xbar_mux          ; --         ;
; IP_TOOL_ENV                         ; Qsys                                                        ; --            ; HDMI_QSYS_hdmi_tx_int_n         ; --         ;
; IP_TOOL_ENV                         ; Qsys                                                        ; --            ; HDMI_QSYS_i2c_scl               ; --         ;
; IP_TOOL_ENV                         ; Qsys                                                        ; --            ; HDMI_QSYS_i2c_sda               ; --         ;
; IP_TOOL_ENV                         ; Qsys                                                        ; --            ; HDMI_QSYS_id_router             ; --         ;
; IP_TOOL_ENV                         ; Qsys                                                        ; --            ; HDMI_QSYS_id_router_002         ; --         ;
; IP_TOOL_ENV                         ; Qsys                                                        ; --            ; HDMI_QSYS_irq_mapper            ; --         ;
; IP_TOOL_ENV                         ; Qsys                                                        ; --            ; HDMI_QSYS_jtag_uart             ; --         ;
; IP_TOOL_ENV                         ; Qsys                                                        ; --            ; HDMI_QSYS_led                   ; --         ;
; IP_TOOL_ENV                         ; Qsys                                                        ; --            ; HDMI_QSYS_nios2_qsys            ; --         ;
; IP_TOOL_ENV                         ; Qsys                                                        ; --            ; HDMI_QSYS_onchip_memory2        ; --         ;
; IP_TOOL_ENV                         ; Qsys                                                        ; --            ; HDMI_QSYS_pll_sys               ; --         ;
; IP_TOOL_ENV                         ; Qsys                                                        ; --            ; HDMI_QSYS_rsp_xbar_demux        ; --         ;
; IP_TOOL_ENV                         ; Qsys                                                        ; --            ; HDMI_QSYS_rsp_xbar_demux_002    ; --         ;
; IP_TOOL_ENV                         ; Qsys                                                        ; --            ; HDMI_QSYS_rsp_xbar_mux          ; --         ;
; IP_TOOL_ENV                         ; Qsys                                                        ; --            ; HDMI_QSYS_rsp_xbar_mux_001      ; --         ;
; IP_TOOL_ENV                         ; Qsys                                                        ; --            ; HDMI_QSYS_sysid_qsys            ; --         ;
; IP_TOOL_ENV                         ; Qsys                                                        ; --            ; HDMI_QSYS_timer                 ; --         ;
; IP_TOOL_ENV                         ; Qsys                                                        ; --            ; altera_avalon_sc_fifo           ; --         ;
; IP_TOOL_ENV                         ; Qsys                                                        ; --            ; altera_merlin_master_agent      ; --         ;
; IP_TOOL_ENV                         ; Qsys                                                        ; --            ; altera_merlin_master_translator ; --         ;
; IP_TOOL_ENV                         ; Qsys                                                        ; --            ; altera_merlin_slave_agent       ; --         ;
; IP_TOOL_ENV                         ; Qsys                                                        ; --            ; altera_merlin_slave_translator  ; --         ;
; IP_TOOL_ENV                         ; Qsys                                                        ; --            ; altera_merlin_traffic_limiter   ; --         ;
; IP_TOOL_ENV                         ; mwpim                                                       ; --            ; altera_pll_reconfig_top         ; --         ;
; IP_TOOL_ENV                         ; Qsys                                                        ; --            ; altera_reset_controller         ; --         ;
; IP_TOOL_ENV                         ; mwpim                                                       ; --            ; pll                             ; --         ;
; IP_TOOL_ENV                         ; mwpim                                                       ; --            ; pll                             ; --         ;
; IP_TOOL_ENV                         ; mwpim                                                       ; --            ; pll_0002                        ; --         ;
; IP_TOOL_ENV                         ; mwpim                                                       ; --            ; pll_reconfig                    ; --         ;
; IP_TOOL_ENV                         ; mwpim                                                       ; --            ; pll_reconfig                    ; --         ;
; IP_TOOL_ENV                         ; mwpim                                                       ; --            ; sys_pll                         ; --         ;
; IP_TOOL_ENV                         ; mwpim                                                       ; --            ; sys_pll                         ; --         ;
; IP_TOOL_ENV                         ; mwpim                                                       ; --            ; sys_pll_0002                    ; --         ;
; IP_TOOL_NAME                        ; Qsys                                                        ; --            ; HDMI_QSYS                       ; --         ;
; IP_TOOL_NAME                        ; altera_merlin_router                                        ; --            ; HDMI_QSYS_addr_router           ; --         ;
; IP_TOOL_NAME                        ; altera_merlin_router                                        ; --            ; HDMI_QSYS_addr_router_001       ; --         ;
; IP_TOOL_NAME                        ; altera_merlin_demultiplexer                                 ; --            ; HDMI_QSYS_cmd_xbar_demux        ; --         ;
; IP_TOOL_NAME                        ; altera_merlin_demultiplexer                                 ; --            ; HDMI_QSYS_cmd_xbar_demux_001    ; --         ;
; IP_TOOL_NAME                        ; altera_merlin_multiplexer                                   ; --            ; HDMI_QSYS_cmd_xbar_mux          ; --         ;
; IP_TOOL_NAME                        ; altera_avalon_pio                                           ; --            ; HDMI_QSYS_hdmi_tx_int_n         ; --         ;
; IP_TOOL_NAME                        ; altera_avalon_pio                                           ; --            ; HDMI_QSYS_i2c_scl               ; --         ;
; IP_TOOL_NAME                        ; altera_avalon_pio                                           ; --            ; HDMI_QSYS_i2c_sda               ; --         ;
; IP_TOOL_NAME                        ; altera_merlin_router                                        ; --            ; HDMI_QSYS_id_router             ; --         ;
; IP_TOOL_NAME                        ; altera_merlin_router                                        ; --            ; HDMI_QSYS_id_router_002         ; --         ;
; IP_TOOL_NAME                        ; altera_irq_mapper                                           ; --            ; HDMI_QSYS_irq_mapper            ; --         ;
; IP_TOOL_NAME                        ; altera_avalon_jtag_uart                                     ; --            ; HDMI_QSYS_jtag_uart             ; --         ;
; IP_TOOL_NAME                        ; altera_avalon_pio                                           ; --            ; HDMI_QSYS_led                   ; --         ;
; IP_TOOL_NAME                        ; altera_nios2_qsys                                           ; --            ; HDMI_QSYS_nios2_qsys            ; --         ;
; IP_TOOL_NAME                        ; altera_avalon_onchip_memory2                                ; --            ; HDMI_QSYS_onchip_memory2        ; --         ;
; IP_TOOL_NAME                        ; altera_pll                                                  ; --            ; HDMI_QSYS_pll_sys               ; --         ;
; IP_TOOL_NAME                        ; altera_merlin_demultiplexer                                 ; --            ; HDMI_QSYS_rsp_xbar_demux        ; --         ;
; IP_TOOL_NAME                        ; altera_merlin_demultiplexer                                 ; --            ; HDMI_QSYS_rsp_xbar_demux_002    ; --         ;
; IP_TOOL_NAME                        ; altera_merlin_multiplexer                                   ; --            ; HDMI_QSYS_rsp_xbar_mux          ; --         ;
; IP_TOOL_NAME                        ; altera_merlin_multiplexer                                   ; --            ; HDMI_QSYS_rsp_xbar_mux_001      ; --         ;
; IP_TOOL_NAME                        ; altera_avalon_sysid_qsys                                    ; --            ; HDMI_QSYS_sysid_qsys            ; --         ;
; IP_TOOL_NAME                        ; altera_avalon_timer                                         ; --            ; HDMI_QSYS_timer                 ; --         ;
; IP_TOOL_NAME                        ; altera_avalon_sc_fifo                                       ; --            ; altera_avalon_sc_fifo           ; --         ;
; IP_TOOL_NAME                        ; altera_merlin_master_agent                                  ; --            ; altera_merlin_master_agent      ; --         ;
; IP_TOOL_NAME                        ; altera_merlin_master_translator                             ; --            ; altera_merlin_master_translator ; --         ;
; IP_TOOL_NAME                        ; altera_merlin_slave_agent                                   ; --            ; altera_merlin_slave_agent       ; --         ;
; IP_TOOL_NAME                        ; altera_merlin_slave_translator                              ; --            ; altera_merlin_slave_translator  ; --         ;
; IP_TOOL_NAME                        ; altera_merlin_traffic_limiter                               ; --            ; altera_merlin_traffic_limiter   ; --         ;
; IP_TOOL_NAME                        ; altera_pll_reconfig                                         ; --            ; altera_pll_reconfig_top         ; --         ;
; IP_TOOL_NAME                        ; altera_reset_controller                                     ; --            ; altera_reset_controller         ; --         ;
; IP_TOOL_NAME                        ; altera_pll                                                  ; --            ; pll                             ; --         ;
; IP_TOOL_NAME                        ; altera_pll                                                  ; --            ; pll                             ; --         ;
; IP_TOOL_NAME                        ; altera_pll                                                  ; --            ; pll_0002                        ; --         ;
; IP_TOOL_NAME                        ; altera_pll_reconfig                                         ; --            ; pll_reconfig                    ; --         ;
; IP_TOOL_NAME                        ; altera_pll_reconfig                                         ; --            ; pll_reconfig                    ; --         ;
; IP_TOOL_NAME                        ; altera_pll                                                  ; --            ; sys_pll                         ; --         ;
; IP_TOOL_NAME                        ; altera_pll                                                  ; --            ; sys_pll                         ; --         ;
; IP_TOOL_NAME                        ; altera_pll                                                  ; --            ; sys_pll_0002                    ; --         ;
; IP_TOOL_VERSION                     ; 13.0                                                        ; --            ; HDMI_QSYS                       ; --         ;
; IP_TOOL_VERSION                     ; 13.0                                                        ; --            ; HDMI_QSYS_addr_router           ; --         ;
; IP_TOOL_VERSION                     ; 13.0                                                        ; --            ; HDMI_QSYS_addr_router_001       ; --         ;
; IP_TOOL_VERSION                     ; 13.0                                                        ; --            ; HDMI_QSYS_cmd_xbar_demux        ; --         ;
; IP_TOOL_VERSION                     ; 13.0                                                        ; --            ; HDMI_QSYS_cmd_xbar_demux_001    ; --         ;
; IP_TOOL_VERSION                     ; 13.0                                                        ; --            ; HDMI_QSYS_cmd_xbar_mux          ; --         ;
; IP_TOOL_VERSION                     ; 13.0.1                                                      ; --            ; HDMI_QSYS_hdmi_tx_int_n         ; --         ;
; IP_TOOL_VERSION                     ; 13.0.1                                                      ; --            ; HDMI_QSYS_i2c_scl               ; --         ;
; IP_TOOL_VERSION                     ; 13.0.1                                                      ; --            ; HDMI_QSYS_i2c_sda               ; --         ;
; IP_TOOL_VERSION                     ; 13.0                                                        ; --            ; HDMI_QSYS_id_router             ; --         ;
; IP_TOOL_VERSION                     ; 13.0                                                        ; --            ; HDMI_QSYS_id_router_002         ; --         ;
; IP_TOOL_VERSION                     ; 13.0                                                        ; --            ; HDMI_QSYS_irq_mapper            ; --         ;
; IP_TOOL_VERSION                     ; 13.0.1                                                      ; --            ; HDMI_QSYS_jtag_uart             ; --         ;
; IP_TOOL_VERSION                     ; 13.0.1                                                      ; --            ; HDMI_QSYS_led                   ; --         ;
; IP_TOOL_VERSION                     ; 13.0                                                        ; --            ; HDMI_QSYS_nios2_qsys            ; --         ;
; IP_TOOL_VERSION                     ; 13.0.1                                                      ; --            ; HDMI_QSYS_onchip_memory2        ; --         ;
; IP_TOOL_VERSION                     ; 13.0                                                        ; --            ; HDMI_QSYS_pll_sys               ; --         ;
; IP_TOOL_VERSION                     ; 13.0                                                        ; --            ; HDMI_QSYS_rsp_xbar_demux        ; --         ;
; IP_TOOL_VERSION                     ; 13.0                                                        ; --            ; HDMI_QSYS_rsp_xbar_demux_002    ; --         ;
; IP_TOOL_VERSION                     ; 13.0                                                        ; --            ; HDMI_QSYS_rsp_xbar_mux          ; --         ;
; IP_TOOL_VERSION                     ; 13.0                                                        ; --            ; HDMI_QSYS_rsp_xbar_mux_001      ; --         ;
; IP_TOOL_VERSION                     ; 13.0                                                        ; --            ; HDMI_QSYS_sysid_qsys            ; --         ;
; IP_TOOL_VERSION                     ; 13.0.1                                                      ; --            ; HDMI_QSYS_timer                 ; --         ;
; IP_TOOL_VERSION                     ; 13.0                                                        ; --            ; altera_avalon_sc_fifo           ; --         ;
; IP_TOOL_VERSION                     ; 13.0                                                        ; --            ; altera_merlin_master_agent      ; --         ;
; IP_TOOL_VERSION                     ; 13.0                                                        ; --            ; altera_merlin_master_translator ; --         ;
; IP_TOOL_VERSION                     ; 13.0                                                        ; --            ; altera_merlin_slave_agent       ; --         ;
; IP_TOOL_VERSION                     ; 13.0                                                        ; --            ; altera_merlin_slave_translator  ; --         ;
; IP_TOOL_VERSION                     ; 13.0                                                        ; --            ; altera_merlin_traffic_limiter   ; --         ;
; IP_TOOL_VERSION                     ; 13.0                                                        ; --            ; altera_pll_reconfig_top         ; --         ;
; IP_TOOL_VERSION                     ; 13.0                                                        ; --            ; altera_reset_controller         ; --         ;
; IP_TOOL_VERSION                     ; 13.0sp1                                                     ; --            ; pll                             ; --         ;
; IP_TOOL_VERSION                     ; 13.0sp1                                                     ; --            ; pll                             ; --         ;
; IP_TOOL_VERSION                     ; 13.0                                                        ; --            ; pll_0002                        ; --         ;
; IP_TOOL_VERSION                     ; 13.0sp1                                                     ; --            ; pll_reconfig                    ; --         ;
; IP_TOOL_VERSION                     ; 13.0sp1                                                     ; --            ; pll_reconfig                    ; --         ;
; IP_TOOL_VERSION                     ; 13.0sp1                                                     ; --            ; sys_pll                         ; --         ;
; IP_TOOL_VERSION                     ; 13.0sp1                                                     ; --            ; sys_pll                         ; --         ;
; IP_TOOL_VERSION                     ; 13.0                                                        ; --            ; sys_pll_0002                    ; --         ;
; MISC_FILE                           ; HDMI_QSYS/synthesis/../../HDMI_QSYS.cmp                     ; --            ; --                              ; --         ;
; MISC_FILE                           ; HDMI_QSYS/synthesis/../../HDMI_QSYS.qsys                    ; --            ; --                              ; --         ;
; MISC_FILE                           ; sys_pll.cmp                                                 ; --            ; --                              ; --         ;
; MISC_FILE                           ; sys_pll_sim/sys_pll.vo                                      ; --            ; --                              ; --         ;
; MISC_FILE                           ; vpg_source/pll.cmp                                          ; --            ; --                              ; --         ;
; MISC_FILE                           ; vpg_source/pll_sim/pll.vo                                   ; --            ; --                              ; --         ;
; MISC_FILE                           ; vpg_source/pll_reconfig.cmp                                 ; --            ; --                              ; --         ;
; MISC_FILE                           ; vpg_source/pll_reconfig_sim/pll_reconfig.vo                 ; --            ; --                              ; --         ;
; PARTITION_COLOR                     ; 16764057                                                    ; --            ; --                              ; Top        ;
; PARTITION_FITTER_PRESERVATION_LEVEL ; PLACEMENT_AND_ROUTING                                       ; --            ; --                              ; Top        ;
; PARTITION_NETLIST_TYPE              ; SOURCE                                                      ; --            ; --                              ; Top        ;
; SLD_INFO                            ; QSYS_NAME HDMI_QSYS HAS_SOPCINFO 1 GENERATION_ID 1539604058 ; --            ; HDMI_QSYS                       ; --         ;
; SOPCINFO_FILE                       ; HDMI_QSYS/synthesis/../../HDMI_QSYS.sopcinfo                ; --            ; --                              ; --         ;
; SPD_FILE                            ; sys_pll.spd                                                 ; --            ; --                              ; --         ;
; SPD_FILE                            ; vpg_source/pll.spd                                          ; --            ; --                              ; --         ;
; SPD_FILE                            ; vpg_source/pll_reconfig.spd                                 ; --            ; --                              ; --         ;
; SYNTHESIS_ONLY_QIP                  ; On                                                          ; --            ; --                              ; --         ;
; SYNTHESIS_ONLY_QIP                  ; On                                                          ; --            ; --                              ; --         ;
; SYNTHESIS_ONLY_QIP                  ; On                                                          ; --            ; --                              ; --         ;
; SYNTHESIS_ONLY_QIP                  ; On                                                          ; --            ; --                              ; --         ;
+-------------------------------------+-------------------------------------------------------------+---------------+---------------------------------+------------+


+-------------------------------------------------------------------------------------------------------------------------------+
; Flow Elapsed Time                                                                                                             ;
+---------------------------+--------------+-------------------------+---------------------+------------------------------------+
; Module Name               ; Elapsed Time ; Average Processors Used ; Peak Virtual Memory ; Total CPU Time (on all processors) ;
+---------------------------+--------------+-------------------------+---------------------+------------------------------------+
; Analysis & Synthesis      ; 00:00:44     ; 1.0                     ; 746 MB              ; 00:00:42                           ;
; Fitter                    ; 00:01:52     ; 1.8                     ; 2341 MB             ; 00:02:40                           ;
; Assembler                 ; 00:00:13     ; 1.0                     ; 672 MB              ; 00:00:13                           ;
; TimeQuest Timing Analyzer ; 00:00:26     ; 1.5                     ; 1322 MB             ; 00:00:42                           ;
; Total                     ; 00:03:15     ; --                      ; --                  ; 00:04:17                           ;
+---------------------------+--------------+-------------------------+---------------------+------------------------------------+


+----------------------------------------------------------------------------------------+
; Flow OS Summary                                                                        ;
+---------------------------+------------------+-----------+------------+----------------+
; Module Name               ; Machine Hostname ; OS Name   ; OS Version ; Processor type ;
+---------------------------+------------------+-----------+------------+----------------+
; Analysis & Synthesis      ; CI53214          ; Windows 7 ; 6.1        ; x86_64         ;
; Fitter                    ; CI53214          ; Windows 7 ; 6.1        ; x86_64         ;
; Assembler                 ; CI53214          ; Windows 7 ; 6.1        ; x86_64         ;
; TimeQuest Timing Analyzer ; CI53214          ; Windows 7 ; 6.1        ; x86_64         ;
+---------------------------+------------------+-----------+------------+----------------+


------------
; Flow Log ;
------------
quartus_map --read_settings_files=on --write_settings_files=off affichage_jdv -c C5G_HDMI_VPG
quartus_fit --read_settings_files=off --write_settings_files=off affichage_jdv -c C5G_HDMI_VPG
quartus_asm --read_settings_files=off --write_settings_files=off affichage_jdv -c C5G_HDMI_VPG
quartus_sta affichage_jdv -c C5G_HDMI_VPG



